[0.168s] DEBUG:colcon:Command line arguments: ['/usr/bin/colcon', 'build', '--packages-select', 'mimo_adrc']
[0.168s] DEBUG:colcon:Parsed command line arguments: Namespace(log_base=None, log_level=None, verb_name='build', build_base='build', install_base='install', merge_install=False, symlink_install=False, test_result_base=None, continue_on_error=False, executor='parallel', parallel_workers=24, event_handlers=None, ignore_user_meta=False, metas=['./colcon.meta'], base_paths=['.'], packages_ignore=None, packages_ignore_regex=None, paths=None, packages_up_to=None, packages_up_to_regex=None, packages_above=None, packages_above_and_dependencies=None, packages_above_depth=None, packages_select_by_dep=None, packages_skip_by_dep=None, packages_skip_up_to=None, packages_select_build_failed=False, packages_skip_build_finished=False, packages_select_test_failures=False, packages_skip_test_passed=False, packages_select=['mimo_adrc'], packages_skip=None, packages_select_regex=None, packages_skip_regex=None, packages_start=None, packages_end=None, allow_overriding=[], cmake_args=None, cmake_target=None, cmake_target_skip_unavailable=False, cmake_clean_cache=False, cmake_clean_first=False, cmake_force_configure=False, ament_cmake_args=None, catkin_cmake_args=None, catkin_skip_building_tests=False, verb_parser=<colcon_defaults.argument_parser.defaults.DefaultArgumentsDecorator object at 0x7f6b577746d0>, verb_extension=<colcon_core.verb.build.BuildVerb object at 0x7f6b57774130>, main=<bound method BuildVerb.main of <colcon_core.verb.build.BuildVerb object at 0x7f6b57774130>>)
[0.242s] Level 1:colcon.colcon_core.package_discovery:discover_packages(colcon_meta) check parameters
[0.243s] Level 1:colcon.colcon_core.package_discovery:discover_packages(recursive) check parameters
[0.243s] Level 1:colcon.colcon_core.package_discovery:discover_packages(ignore) check parameters
[0.243s] Level 1:colcon.colcon_core.package_discovery:discover_packages(path) check parameters
[0.243s] Level 1:colcon.colcon_core.package_discovery:discover_packages(colcon_meta) discover
[0.243s] Level 1:colcon.colcon_core.package_discovery:discover_packages(recursive) discover
[0.243s] INFO:colcon.colcon_core.package_discovery:Crawling recursively for packages in '/home/pjp2/adrc_mimo_ws'
[0.243s] Level 1:colcon.colcon_core.package_identification:_identify(.) by extensions ['ignore', 'ignore_ament_install']
[0.243s] Level 1:colcon.colcon_core.package_identification:_identify(.) by extension 'ignore'
[0.243s] Level 1:colcon.colcon_core.package_identification:_identify(.) by extension 'ignore_ament_install'
[0.243s] Level 1:colcon.colcon_core.package_identification:_identify(.) by extensions ['colcon_pkg']
[0.243s] Level 1:colcon.colcon_core.package_identification:_identify(.) by extension 'colcon_pkg'
[0.243s] Level 1:colcon.colcon_core.package_identification:_identify(.) by extensions ['colcon_meta']
[0.243s] Level 1:colcon.colcon_core.package_identification:_identify(.) by extension 'colcon_meta'
[0.243s] Level 1:colcon.colcon_core.package_identification:_identify(.) by extensions ['ros']
[0.243s] Level 1:colcon.colcon_core.package_identification:_identify(.) by extension 'ros'
[0.251s] Level 1:colcon.colcon_core.package_identification:_identify(.) by extensions ['cmake', 'python']
[0.251s] Level 1:colcon.colcon_core.package_identification:_identify(.) by extension 'cmake'
[0.251s] Level 1:colcon.colcon_core.package_identification:_identify(.) by extension 'python'
[0.251s] Level 1:colcon.colcon_core.package_identification:_identify(.) by extensions ['python_setup_py']
[0.251s] Level 1:colcon.colcon_core.package_identification:_identify(.) by extension 'python_setup_py'
[0.251s] Level 1:colcon.colcon_core.package_identification:_identify(build) by extensions ['ignore', 'ignore_ament_install']
[0.251s] Level 1:colcon.colcon_core.package_identification:_identify(build) by extension 'ignore'
[0.252s] Level 1:colcon.colcon_core.package_identification:_identify(build) ignored
[0.252s] Level 1:colcon.colcon_core.package_identification:_identify(install) by extensions ['ignore', 'ignore_ament_install']
[0.252s] Level 1:colcon.colcon_core.package_identification:_identify(install) by extension 'ignore'
[0.252s] Level 1:colcon.colcon_core.package_identification:_identify(install) ignored
[0.252s] Level 1:colcon.colcon_core.package_identification:_identify(log) by extensions ['ignore', 'ignore_ament_install']
[0.252s] Level 1:colcon.colcon_core.package_identification:_identify(log) by extension 'ignore'
[0.252s] Level 1:colcon.colcon_core.package_identification:_identify(log) ignored
[0.252s] Level 1:colcon.colcon_core.package_identification:_identify(src) by extensions ['ignore', 'ignore_ament_install']
[0.252s] Level 1:colcon.colcon_core.package_identification:_identify(src) by extension 'ignore'
[0.252s] Level 1:colcon.colcon_core.package_identification:_identify(src) by extension 'ignore_ament_install'
[0.252s] Level 1:colcon.colcon_core.package_identification:_identify(src) by extensions ['colcon_pkg']
[0.252s] Level 1:colcon.colcon_core.package_identification:_identify(src) by extension 'colcon_pkg'
[0.252s] Level 1:colcon.colcon_core.package_identification:_identify(src) by extensions ['colcon_meta']
[0.252s] Level 1:colcon.colcon_core.package_identification:_identify(src) by extension 'colcon_meta'
[0.252s] Level 1:colcon.colcon_core.package_identification:_identify(src) by extensions ['ros']
[0.252s] Level 1:colcon.colcon_core.package_identification:_identify(src) by extension 'ros'
[0.252s] Level 1:colcon.colcon_core.package_identification:_identify(src) by extensions ['cmake', 'python']
[0.252s] Level 1:colcon.colcon_core.package_identification:_identify(src) by extension 'cmake'
[0.252s] Level 1:colcon.colcon_core.package_identification:_identify(src) by extension 'python'
[0.252s] Level 1:colcon.colcon_core.package_identification:_identify(src) by extensions ['python_setup_py']
[0.252s] Level 1:colcon.colcon_core.package_identification:_identify(src) by extension 'python_setup_py'
[0.252s] Level 1:colcon.colcon_core.package_identification:_identify(src/mimo_adrc) by extensions ['ignore', 'ignore_ament_install']
[0.252s] Level 1:colcon.colcon_core.package_identification:_identify(src/mimo_adrc) by extension 'ignore'
[0.253s] Level 1:colcon.colcon_core.package_identification:_identify(src/mimo_adrc) by extension 'ignore_ament_install'
[0.253s] Level 1:colcon.colcon_core.package_identification:_identify(src/mimo_adrc) by extensions ['colcon_pkg']
[0.253s] Level 1:colcon.colcon_core.package_identification:_identify(src/mimo_adrc) by extension 'colcon_pkg'
[0.253s] Level 1:colcon.colcon_core.package_identification:_identify(src/mimo_adrc) by extensions ['colcon_meta']
[0.253s] Level 1:colcon.colcon_core.package_identification:_identify(src/mimo_adrc) by extension 'colcon_meta'
[0.253s] Level 1:colcon.colcon_core.package_identification:_identify(src/mimo_adrc) by extensions ['ros']
[0.253s] Level 1:colcon.colcon_core.package_identification:_identify(src/mimo_adrc) by extension 'ros'
[0.254s] DEBUG:colcon.colcon_core.package_identification:Package 'src/mimo_adrc' with type 'ros.ament_cmake' and name 'mimo_adrc'
[0.254s] Level 1:colcon.colcon_core.package_identification:_identify(temp) by extensions ['ignore', 'ignore_ament_install']
[0.255s] Level 1:colcon.colcon_core.package_identification:_identify(temp) by extension 'ignore'
[0.255s] Level 1:colcon.colcon_core.package_identification:_identify(temp) by extension 'ignore_ament_install'
[0.255s] Level 1:colcon.colcon_core.package_identification:_identify(temp) by extensions ['colcon_pkg']
[0.255s] Level 1:colcon.colcon_core.package_identification:_identify(temp) by extension 'colcon_pkg'
[0.255s] Level 1:colcon.colcon_core.package_identification:_identify(temp) by extensions ['colcon_meta']
[0.255s] Level 1:colcon.colcon_core.package_identification:_identify(temp) by extension 'colcon_meta'
[0.255s] Level 1:colcon.colcon_core.package_identification:_identify(temp) by extensions ['ros']
[0.255s] Level 1:colcon.colcon_core.package_identification:_identify(temp) by extension 'ros'
[0.255s] Level 1:colcon.colcon_core.package_identification:_identify(temp) by extensions ['cmake', 'python']
[0.255s] Level 1:colcon.colcon_core.package_identification:_identify(temp) by extension 'cmake'
[0.255s] Level 1:colcon.colcon_core.package_identification:_identify(temp) by extension 'python'
[0.255s] Level 1:colcon.colcon_core.package_identification:_identify(temp) by extensions ['python_setup_py']
[0.255s] Level 1:colcon.colcon_core.package_identification:_identify(temp) by extension 'python_setup_py'
[0.255s] Level 1:colcon.colcon_core.package_discovery:discover_packages(recursive) using defaults
[0.255s] Level 1:colcon.colcon_core.package_discovery:discover_packages(ignore) discover
[0.255s] Level 1:colcon.colcon_core.package_discovery:discover_packages(ignore) using defaults
[0.255s] Level 1:colcon.colcon_core.package_discovery:discover_packages(path) discover
[0.255s] Level 1:colcon.colcon_core.package_discovery:discover_packages(path) using defaults
[0.265s] Level 1:colcon.colcon_core.package_discovery:discover_packages(prefix_path) check parameters
[0.265s] Level 1:colcon.colcon_core.package_discovery:discover_packages(prefix_path) discover
[0.266s] DEBUG:colcon.colcon_installed_package_information.package_discovery:Found 297 installed packages in /opt/ros/humble
[0.273s] Level 1:colcon.colcon_core.package_discovery:discover_packages(prefix_path) using defaults
[0.291s] Level 5:colcon.colcon_core.verb:set package 'mimo_adrc' build argument 'cmake_args' from command line to 'None'
[0.291s] Level 5:colcon.colcon_core.verb:set package 'mimo_adrc' build argument 'cmake_target' from command line to 'None'
[0.291s] Level 5:colcon.colcon_core.verb:set package 'mimo_adrc' build argument 'cmake_target_skip_unavailable' from command line to 'False'
[0.291s] Level 5:colcon.colcon_core.verb:set package 'mimo_adrc' build argument 'cmake_clean_cache' from command line to 'False'
[0.291s] Level 5:colcon.colcon_core.verb:set package 'mimo_adrc' build argument 'cmake_clean_first' from command line to 'False'
[0.291s] Level 5:colcon.colcon_core.verb:set package 'mimo_adrc' build argument 'cmake_force_configure' from command line to 'False'
[0.291s] Level 5:colcon.colcon_core.verb:set package 'mimo_adrc' build argument 'ament_cmake_args' from command line to 'None'
[0.291s] Level 5:colcon.colcon_core.verb:set package 'mimo_adrc' build argument 'catkin_cmake_args' from command line to 'None'
[0.291s] Level 5:colcon.colcon_core.verb:set package 'mimo_adrc' build argument 'catkin_skip_building_tests' from command line to 'False'
[0.291s] DEBUG:colcon.colcon_core.verb:Building package 'mimo_adrc' with the following arguments: {'ament_cmake_args': None, 'build_base': '/home/pjp2/adrc_mimo_ws/build/mimo_adrc', 'catkin_cmake_args': None, 'catkin_skip_building_tests': False, 'cmake_args': None, 'cmake_clean_cache': False, 'cmake_clean_first': False, 'cmake_force_configure': False, 'cmake_target': None, 'cmake_target_skip_unavailable': False, 'install_base': '/home/pjp2/adrc_mimo_ws/install/mimo_adrc', 'merge_install': False, 'path': '/home/pjp2/adrc_mimo_ws/src/mimo_adrc', 'symlink_install': False, 'test_result_base': None}
[0.291s] INFO:colcon.colcon_core.executor:Executing jobs using 'parallel' executor
[0.292s] DEBUG:colcon.colcon_parallel_executor.executor.parallel:run_until_complete
[0.292s] INFO:colcon.colcon_ros.task.ament_cmake.build:Building ROS package in '/home/pjp2/adrc_mimo_ws/src/mimo_adrc' with build type 'ament_cmake'
[0.293s] INFO:colcon.colcon_cmake.task.cmake.build:Building CMake package in '/home/pjp2/adrc_mimo_ws/src/mimo_adrc'
[0.293s] INFO:colcon.colcon_core.plugin_system:Skipping extension 'colcon_core.shell.bat': Not used on non-Windows systems
[0.294s] INFO:colcon.colcon_core.shell:Skip shell extension 'powershell' for command environment: Not usable outside of PowerShell
[0.294s] DEBUG:colcon.colcon_core.shell:Skip shell extension 'dsv' for command environment
[0.298s] DEBUG:colcon.colcon_core.event_handler.log_command:Invoking command in '/home/pjp2/adrc_mimo_ws/build/mimo_adrc': CMAKE_PREFIX_PATH=/opt/ros/humble /usr/bin/cmake /home/pjp2/adrc_mimo_ws/src/mimo_adrc -DCMAKE_INSTALL_PREFIX=/home/pjp2/adrc_mimo_ws/install/mimo_adrc
[19.036s] DEBUG:colcon.colcon_core.event_handler.log_command:Invoked command in '/home/pjp2/adrc_mimo_ws/build/mimo_adrc' returned '1': CMAKE_PREFIX_PATH=/opt/ros/humble /usr/bin/cmake /home/pjp2/adrc_mimo_ws/src/mimo_adrc -DCMAKE_INSTALL_PREFIX=/home/pjp2/adrc_mimo_ws/install/mimo_adrc
[19.042s] Level 1:colcon.colcon_core.environment:create_environment_scripts_only(mimo_adrc)
[19.043s] Level 1:colcon.colcon_core.environment:checking '/home/pjp2/adrc_mimo_ws/install/mimo_adrc' for CMake module files
[19.043s] Level 1:colcon.colcon_core.environment:checking '/home/pjp2/adrc_mimo_ws/install/mimo_adrc' for CMake config files
[19.043s] Level 1:colcon.colcon_core.environment:checking '/home/pjp2/adrc_mimo_ws/install/mimo_adrc/bin'
[19.043s] Level 1:colcon.colcon_core.environment:checking '/home/pjp2/adrc_mimo_ws/install/mimo_adrc/lib/pkgconfig/mimo_adrc.pc'
[19.044s] Level 1:colcon.colcon_core.environment:checking '/home/pjp2/adrc_mimo_ws/install/mimo_adrc/lib/python3.10/site-packages'
[19.044s] Level 1:colcon.colcon_core.environment:checking '/home/pjp2/adrc_mimo_ws/install/mimo_adrc/bin'
[19.044s] INFO:colcon.colcon_core.shell:Creating package script '/home/pjp2/adrc_mimo_ws/install/mimo_adrc/share/mimo_adrc/package.ps1'
[19.045s] INFO:colcon.colcon_core.shell:Creating package descriptor '/home/pjp2/adrc_mimo_ws/install/mimo_adrc/share/mimo_adrc/package.dsv'
[19.045s] INFO:colcon.colcon_core.shell:Creating package script '/home/pjp2/adrc_mimo_ws/install/mimo_adrc/share/mimo_adrc/package.sh'
[19.045s] INFO:colcon.colcon_core.shell:Creating package script '/home/pjp2/adrc_mimo_ws/install/mimo_adrc/share/mimo_adrc/package.bash'
[19.045s] INFO:colcon.colcon_core.shell:Creating package script '/home/pjp2/adrc_mimo_ws/install/mimo_adrc/share/mimo_adrc/package.zsh'
[19.046s] Level 1:colcon.colcon_core.environment:create_file_with_runtime_dependencies(/home/pjp2/adrc_mimo_ws/install/mimo_adrc/share/colcon-core/packages/mimo_adrc)
[19.056s] DEBUG:colcon.colcon_parallel_executor.executor.parallel:closing loop
[19.056s] DEBUG:colcon.colcon_parallel_executor.executor.parallel:loop closed
[19.056s] DEBUG:colcon.colcon_parallel_executor.executor.parallel:run_until_complete finished with '1'
[19.056s] DEBUG:colcon.colcon_core.event_reactor:joining thread
[19.060s] INFO:colcon.colcon_core.plugin_system:Skipping extension 'colcon_notification.desktop_notification.terminal_notifier': Not used on non-Darwin systems
[19.060s] INFO:colcon.colcon_core.plugin_system:Skipping extension 'colcon_notification.desktop_notification.win32': Not used on non-Windows systems
[19.060s] INFO:colcon.colcon_notification.desktop_notification:Sending desktop notification using 'notify2'
[19.069s] DEBUG:colcon.colcon_core.event_reactor:joined thread
[19.070s] INFO:colcon.colcon_core.shell:Creating prefix script '/home/pjp2/adrc_mimo_ws/install/local_setup.ps1'
[19.070s] INFO:colcon.colcon_core.shell:Creating prefix util module '/home/pjp2/adrc_mimo_ws/install/_local_setup_util_ps1.py'
[19.071s] INFO:colcon.colcon_core.shell:Creating prefix chain script '/home/pjp2/adrc_mimo_ws/install/setup.ps1'
[19.072s] INFO:colcon.colcon_core.shell:Creating prefix script '/home/pjp2/adrc_mimo_ws/install/local_setup.sh'
[19.072s] INFO:colcon.colcon_core.shell:Creating prefix util module '/home/pjp2/adrc_mimo_ws/install/_local_setup_util_sh.py'
[19.072s] INFO:colcon.colcon_core.shell:Creating prefix chain script '/home/pjp2/adrc_mimo_ws/install/setup.sh'
[19.073s] INFO:colcon.colcon_core.shell:Creating prefix script '/home/pjp2/adrc_mimo_ws/install/local_setup.bash'
[19.073s] INFO:colcon.colcon_core.shell:Creating prefix chain script '/home/pjp2/adrc_mimo_ws/install/setup.bash'
[19.073s] INFO:colcon.colcon_core.shell:Creating prefix script '/home/pjp2/adrc_mimo_ws/install/local_setup.zsh'
[19.073s] INFO:colcon.colcon_core.shell:Creating prefix chain script '/home/pjp2/adrc_mimo_ws/install/setup.zsh'
