[0.006s] Invoking command in '/home/pjp2/adrc_mimo_ws/build/mimo_adrc': CMAKE_PREFIX_PATH=/opt/ros/humble /usr/bin/cmake /home/pjp2/adrc_mimo_ws/src/mimo_adrc -DCMAKE_INSTALL_PREFIX=/home/pjp2/adrc_mimo_ws/install/mimo_adrc
[0.831s] -- The C compiler identification is GNU 11.4.0
[2.127s] -- The CXX compiler identification is GNU 11.4.0
[3.344s] -- Detecting C compiler ABI info
[3.592s] -- Detecting C compiler ABI info - done
[3.596s] -- Check for working C compiler: /usr/bin/cc - skipped
[3.598s] -- Detecting C compile features
[3.598s] -- Detecting C compile features - done
[3.600s] -- Detecting CXX compiler ABI info
[3.855s] -- Detecting CXX compiler ABI info - done
[3.859s] -- Check for working CXX compiler: /usr/bin/c++ - skipped
[3.859s] -- Detecting CXX compile features
[3.860s] -- Detecting CXX compile features - done
[3.860s] [31mCMake Error at CMakeLists.txt:9 (target_compile_options):
[3.860s]   Cannot specify compile options for target "adrc_lib" which is not built by
[3.860s]   this project.
[3.860s] 
[3.860s] [0m
[3.861s] -- Found ament_cmake: 1.3.11 (/opt/ros/humble/share/ament_cmake/cmake)
[3.938s] -- Found Python3: /usr/bin/python3 (found version "3.10.12") found components: Interpreter 
[3.991s] -- Found rclcpp: 16.0.12 (/opt/ros/humble/share/rclcpp/cmake)
[4.305s] -- Found rosidl_generator_c: 3.1.6 (/opt/ros/humble/share/rosidl_generator_c/cmake)
[4.307s] -- Found rosidl_adapter: 3.1.6 (/opt/ros/humble/share/rosidl_adapter/cmake)
[4.313s] -- Found rosidl_generator_cpp: 3.1.6 (/opt/ros/humble/share/rosidl_generator_cpp/cmake)
[4.320s] -- Using all available rosidl_typesupport_c: rosidl_typesupport_fastrtps_c;rosidl_typesupport_introspection_c
[4.331s] -- Using all available rosidl_typesupport_cpp: rosidl_typesupport_fastrtps_cpp;rosidl_typesupport_introspection_cpp
[4.354s] -- Found rmw_implementation_cmake: 6.1.2 (/opt/ros/humble/share/rmw_implementation_cmake/cmake)
[4.356s] -- Found rmw_fastrtps_cpp: 6.2.7 (/opt/ros/humble/share/rmw_fastrtps_cpp/cmake)
[7.274s] -- Found OpenSSL: /usr/lib/x86_64-linux-gnu/libcrypto.so (found version "3.0.2")  
[10.818s] -- Found FastRTPS: /opt/ros/humble/include  
[17.995s] -- Using RMW implementation 'rmw_fastrtps_cpp' as default
[18.009s] -- Looking for pthread.h
[18.377s] -- Looking for pthread.h - found
[18.377s] -- Performing Test CMAKE_HAVE_LIBC_PTHREAD
[18.664s] -- Performing Test CMAKE_HAVE_LIBC_PTHREAD - Success
[18.665s] -- Found Threads: TRUE  
[18.695s] -- Found ament_lint_auto: 0.12.12 (/opt/ros/humble/share/ament_lint_auto/cmake)
[18.736s] -- Added test 'cppcheck' to perform static code analysis on C / C++ code
[18.736s] -- Configured cppcheck include dirs: /home/pjp2/adrc_mimo_ws/src/mimo_adrc/include;$<BUILD_INTERFACE:/home/pjp2/adrc_mimo_ws/src/mimo_adrc/include>
[18.736s] -- Configured cppcheck exclude dirs and/or files: 
[18.737s] -- Added test 'lint_cmake' to check CMake code style
[18.737s] -- Added test 'uncrustify' to check C / C++ code style
[18.737s] -- Configured uncrustify additional arguments: 
[18.738s] -- Added test 'xmllint' to check XML markup files
[18.739s] -- Configuring incomplete, errors occurred!
[18.739s] See also "/home/pjp2/adrc_mimo_ws/build/mimo_adrc/CMakeFiles/CMakeOutput.log".
[18.743s] Invoked command in '/home/pjp2/adrc_mimo_ws/build/mimo_adrc' returned '1': CMAKE_PREFIX_PATH=/opt/ros/humble /usr/bin/cmake /home/pjp2/adrc_mimo_ws/src/mimo_adrc -DCMAKE_INSTALL_PREFIX=/home/pjp2/adrc_mimo_ws/install/mimo_adrc
