[ 60%] Built target adrc_lib
[35m[1mConsolidate compiler generated dependencies of target mimo_node[0m
[100%] Built target mimo_node
-- Install configuration: ""
-- Up-to-date: /home/pjp2/adrc_mimo_ws/install/mimo_adrc/lib/libadrc_lib.a
-- Up-to-date: /home/pjp2/adrc_mimo_ws/install/mimo_adrc/lib/mimo_adrc/mimo_node
-- Up-to-date: /home/pjp2/adrc_mimo_ws/install/mimo_adrc/include
-- Up-to-date: /home/pjp2/adrc_mimo_ws/install/mimo_adrc/include/mimo_adrc
-- Up-to-date: /home/pjp2/adrc_mimo_ws/install/mimo_adrc/include/mimo_adrc/ADRC.h
-- Up-to-date: /home/pjp2/adrc_mimo_ws/install/mimo_adrc/include/mimo_adrc/MimoADRC.h
-- Up-to-date: /home/pjp2/adrc_mimo_ws/install/mimo_adrc/share/mimo_adrc/launch
-- Up-to-date: /home/pjp2/adrc_mimo_ws/install/mimo_adrc/share/mimo_adrc/launch/mimo_launch.py
-- Up-to-date: /home/pjp2/adrc_mimo_ws/install/mimo_adrc/share/mimo_adrc/rviz
-- Installing: /home/pjp2/adrc_mimo_ws/install/mimo_adrc/share/mimo_adrc/rviz/view.rviz
-- Up-to-date: /home/pjp2/adrc_mimo_ws/install/mimo_adrc/share/mimo_adrc/environment/library_path.sh
-- Up-to-date: /home/pjp2/adrc_mimo_ws/install/mimo_adrc/share/mimo_adrc/environment/library_path.dsv
-- Up-to-date: /home/pjp2/adrc_mimo_ws/install/mimo_adrc/share/ament_index/resource_index/package_run_dependencies/mimo_adrc
-- Up-to-date: /home/pjp2/adrc_mimo_ws/install/mimo_adrc/share/ament_index/resource_index/parent_prefix_path/mimo_adrc
-- Up-to-date: /home/pjp2/adrc_mimo_ws/install/mimo_adrc/share/mimo_adrc/environment/ament_prefix_path.sh
-- Up-to-date: /home/pjp2/adrc_mimo_ws/install/mimo_adrc/share/mimo_adrc/environment/ament_prefix_path.dsv
-- Up-to-date: /home/pjp2/adrc_mimo_ws/install/mimo_adrc/share/mimo_adrc/environment/path.sh
-- Up-to-date: /home/pjp2/adrc_mimo_ws/install/mimo_adrc/share/mimo_adrc/environment/path.dsv
-- Up-to-date: /home/pjp2/adrc_mimo_ws/install/mimo_adrc/share/mimo_adrc/local_setup.bash
-- Up-to-date: /home/pjp2/adrc_mimo_ws/install/mimo_adrc/share/mimo_adrc/local_setup.sh
-- Up-to-date: /home/pjp2/adrc_mimo_ws/install/mimo_adrc/share/mimo_adrc/local_setup.zsh
-- Up-to-date: /home/pjp2/adrc_mimo_ws/install/mimo_adrc/share/mimo_adrc/local_setup.dsv
-- Installing: /home/pjp2/adrc_mimo_ws/install/mimo_adrc/share/mimo_adrc/package.dsv
-- Up-to-date: /home/pjp2/adrc_mimo_ws/install/mimo_adrc/share/ament_index/resource_index/packages/mimo_adrc
-- Up-to-date: /home/pjp2/adrc_mimo_ws/install/mimo_adrc/share/mimo_adrc/cmake/ament_cmake_export_include_directories-extras.cmake
-- Up-to-date: /home/pjp2/adrc_mimo_ws/install/mimo_adrc/share/mimo_adrc/cmake/ament_cmake_export_libraries-extras.cmake
-- Up-to-date: /home/pjp2/adrc_mimo_ws/install/mimo_adrc/share/mimo_adrc/cmake/mimo_adrcConfig.cmake
-- Up-to-date: /home/pjp2/adrc_mimo_ws/install/mimo_adrc/share/mimo_adrc/cmake/mimo_adrcConfig-version.cmake
-- Up-to-date: /home/pjp2/adrc_mimo_ws/install/mimo_adrc/share/mimo_adrc/package.xml
