-- Found ament_cmake: 1.3.11 (/opt/ros/humble/share/ament_cmake/cmake)
-- Found rclcpp: 16.0.12 (/opt/ros/humble/share/rclcpp/cmake)
-- Found rosidl_generator_c: 3.1.6 (/opt/ros/humble/share/rosidl_generator_c/cmake)
-- Found rosidl_adapter: 3.1.6 (/opt/ros/humble/share/rosidl_adapter/cmake)
-- Found rosidl_generator_cpp: 3.1.6 (/opt/ros/humble/share/rosidl_generator_cpp/cmake)
-- Using all available rosidl_typesupport_c: rosidl_typesupport_fastrtps_c;rosidl_typesupport_introspection_c
-- Using all available rosidl_typesupport_cpp: rosidl_typesupport_fastrtps_cpp;rosidl_typesupport_introspection_cpp
-- Found rmw_implementation_cmake: 6.1.2 (/opt/ros/humble/share/rmw_implementation_cmake/cmake)
-- Found rmw_fastrtps_cpp: 6.2.7 (/opt/ros/humble/share/rmw_fastrtps_cpp/cmake)
-- Using RMW implementation 'rmw_fastrtps_cpp' as default
-- Found geometry_msgs: 4.8.0 (/opt/ros/humble/share/geometry_msgs/cmake)
-- Found visualization_msgs: 4.8.0 (/opt/ros/humble/share/visualization_msgs/cmake)
-- Found tf2: 0.25.12 (/opt/ros/humble/share/tf2/cmake)
-- Found tf2_ros: 0.25.12 (/opt/ros/humble/share/tf2_ros/cmake)
-- Found tf2_geometry_msgs: 0.25.12 (/opt/ros/humble/share/tf2_geometry_msgs/cmake)
-- Found eigen3_cmake_module: 0.1.1 (/opt/ros/humble/share/eigen3_cmake_module/cmake)
-- Ensuring Eigen3 include directory is part of orocos-kdl CMake target
-- Configuring done
-- Generating done
-- Build files have been written to: /home/pjp2/adrc_mimo_ws/build/mimo_adrc
[35m[1mConsolidate compiler generated dependencies of target adrc_lib[0m
[ 60%] Built target adrc_lib
[35m[1mConsolidate compiler generated dependencies of target mimo_node[0m
[ 80%] [32mBuilding CXX object CMakeFiles/mimo_node.dir/src/mimo_node.cpp.o[0m
[100%] [32m[1mLinking CXX executable mimo_node[0m
[100%] Built target mimo_node
-- Install configuration: ""
-- Up-to-date: /home/pjp2/adrc_mimo_ws/install/mimo_adrc/lib/libadrc_lib.a
-- Installing: /home/pjp2/adrc_mimo_ws/install/mimo_adrc/lib/mimo_adrc/mimo_node
-- Set runtime path of "/home/pjp2/adrc_mimo_ws/install/mimo_adrc/lib/mimo_adrc/mimo_node" to ""
-- Up-to-date: /home/pjp2/adrc_mimo_ws/install/mimo_adrc/include
-- Up-to-date: /home/pjp2/adrc_mimo_ws/install/mimo_adrc/include/mimo_adrc
-- Up-to-date: /home/pjp2/adrc_mimo_ws/install/mimo_adrc/include/mimo_adrc/ADRC.h
-- Up-to-date: /home/pjp2/adrc_mimo_ws/install/mimo_adrc/include/mimo_adrc/MimoADRC.h
-- Installing: /home/pjp2/adrc_mimo_ws/install/mimo_adrc/share/mimo_adrc/launch
-- Installing: /home/pjp2/adrc_mimo_ws/install/mimo_adrc/share/mimo_adrc/launch/mimo_launch.py
-- Installing: /home/pjp2/adrc_mimo_ws/install/mimo_adrc/share/mimo_adrc/rviz
-- Up-to-date: /home/pjp2/adrc_mimo_ws/install/mimo_adrc/share/mimo_adrc/environment/library_path.sh
-- Installing: /home/pjp2/adrc_mimo_ws/install/mimo_adrc/share/mimo_adrc/environment/library_path.dsv
-- Up-to-date: /home/pjp2/adrc_mimo_ws/install/mimo_adrc/share/ament_index/resource_index/package_run_dependencies/mimo_adrc
-- Installing: /home/pjp2/adrc_mimo_ws/install/mimo_adrc/share/ament_index/resource_index/parent_prefix_path/mimo_adrc
-- Up-to-date: /home/pjp2/adrc_mimo_ws/install/mimo_adrc/share/mimo_adrc/environment/ament_prefix_path.sh
-- Installing: /home/pjp2/adrc_mimo_ws/install/mimo_adrc/share/mimo_adrc/environment/ament_prefix_path.dsv
-- Up-to-date: /home/pjp2/adrc_mimo_ws/install/mimo_adrc/share/mimo_adrc/environment/path.sh
-- Installing: /home/pjp2/adrc_mimo_ws/install/mimo_adrc/share/mimo_adrc/environment/path.dsv
-- Up-to-date: /home/pjp2/adrc_mimo_ws/install/mimo_adrc/share/mimo_adrc/local_setup.bash
-- Up-to-date: /home/pjp2/adrc_mimo_ws/install/mimo_adrc/share/mimo_adrc/local_setup.sh
-- Up-to-date: /home/pjp2/adrc_mimo_ws/install/mimo_adrc/share/mimo_adrc/local_setup.zsh
-- Installing: /home/pjp2/adrc_mimo_ws/install/mimo_adrc/share/mimo_adrc/local_setup.dsv
-- Installing: /home/pjp2/adrc_mimo_ws/install/mimo_adrc/share/mimo_adrc/package.dsv
-- Up-to-date: /home/pjp2/adrc_mimo_ws/install/mimo_adrc/share/ament_index/resource_index/packages/mimo_adrc
-- Up-to-date: /home/pjp2/adrc_mimo_ws/install/mimo_adrc/share/mimo_adrc/cmake/ament_cmake_export_include_directories-extras.cmake
-- Up-to-date: /home/pjp2/adrc_mimo_ws/install/mimo_adrc/share/mimo_adrc/cmake/ament_cmake_export_libraries-extras.cmake
-- Up-to-date: /home/pjp2/adrc_mimo_ws/install/mimo_adrc/share/mimo_adrc/cmake/mimo_adrcConfig.cmake
-- Up-to-date: /home/pjp2/adrc_mimo_ws/install/mimo_adrc/share/mimo_adrc/cmake/mimo_adrcConfig-version.cmake
-- Up-to-date: /home/pjp2/adrc_mimo_ws/install/mimo_adrc/share/mimo_adrc/package.xml
