[0.011s] Invoking command in '/home/pjp2/adrc_mimo_ws/build/mimo_adrc': CMAKE_PREFIX_PATH=/opt/ros/humble /usr/bin/cmake --build /home/pjp2/adrc_mimo_ws/build/mimo_adrc -- -j24 -l24
[0.091s] -- Found ament_cmake: 1.3.11 (/opt/ros/humble/share/ament_cmake/cmake)
[0.189s] -- Found rclcpp: 16.0.12 (/opt/ros/humble/share/rclcpp/cmake)
[0.767s] -- Found rosidl_generator_c: 3.1.6 (/opt/ros/humble/share/rosidl_generator_c/cmake)
[0.770s] -- Found rosidl_adapter: 3.1.6 (/opt/ros/humble/share/rosidl_adapter/cmake)
[0.776s] -- Found rosidl_generator_cpp: 3.1.6 (/opt/ros/humble/share/rosidl_generator_cpp/cmake)
[0.785s] -- Using all available rosidl_typesupport_c: rosidl_typesupport_fastrtps_c;rosidl_typesupport_introspection_c
[0.797s] -- Using all available rosidl_typesupport_cpp: rosidl_typesupport_fastrtps_cpp;rosidl_typesupport_introspection_cpp
[0.830s] -- Found rmw_implementation_cmake: 6.1.2 (/opt/ros/humble/share/rmw_implementation_cmake/cmake)
[0.832s] -- Found rmw_fastrtps_cpp: 6.2.7 (/opt/ros/humble/share/rmw_fastrtps_cpp/cmake)
[18.063s] -- Using RMW implementation 'rmw_fastrtps_cpp' as default
[18.111s] -- Found geometry_msgs: 4.8.0 (/opt/ros/humble/share/geometry_msgs/cmake)
[18.121s] -- Found visualization_msgs: 4.8.0 (/opt/ros/humble/share/visualization_msgs/cmake)
[18.152s] -- Found tf2: 0.25.12 (/opt/ros/humble/share/tf2/cmake)
[18.156s] -- Found tf2_ros: 0.25.12 (/opt/ros/humble/share/tf2_ros/cmake)
[18.227s] -- Found tf2_geometry_msgs: 0.25.12 (/opt/ros/humble/share/tf2_geometry_msgs/cmake)
[18.231s] -- Found eigen3_cmake_module: 0.1.1 (/opt/ros/humble/share/eigen3_cmake_module/cmake)
[18.232s] -- Ensuring Eigen3 include directory is part of orocos-kdl CMake target
[18.281s] -- Configuring done
[18.299s] -- Generating done
[18.302s] -- Build files have been written to: /home/pjp2/adrc_mimo_ws/build/mimo_adrc
[18.318s] [35m[1mConsolidate compiler generated dependencies of target adrc_lib[0m
[18.334s] [ 60%] Built target adrc_lib
[18.340s] [35m[1mConsolidate compiler generated dependencies of target mimo_node[0m
[18.365s] [ 80%] [32mBuilding CXX object CMakeFiles/mimo_node.dir/src/mimo_node.cpp.o[0m
[22.064s] [100%] [32m[1mLinking CXX executable mimo_node[0m
[22.586s] [100%] Built target mimo_node
[22.593s] Invoked command in '/home/pjp2/adrc_mimo_ws/build/mimo_adrc' returned '0': CMAKE_PREFIX_PATH=/opt/ros/humble /usr/bin/cmake --build /home/pjp2/adrc_mimo_ws/build/mimo_adrc -- -j24 -l24
[22.598s] Invoking command in '/home/pjp2/adrc_mimo_ws/build/mimo_adrc': CMAKE_PREFIX_PATH=/opt/ros/humble /usr/bin/cmake --install /home/pjp2/adrc_mimo_ws/build/mimo_adrc
[22.601s] -- Install configuration: ""
[22.601s] -- Up-to-date: /home/pjp2/adrc_mimo_ws/install/mimo_adrc/lib/libadrc_lib.a
[22.602s] -- Installing: /home/pjp2/adrc_mimo_ws/install/mimo_adrc/lib/mimo_adrc/mimo_node
[22.603s] -- Set runtime path of "/home/pjp2/adrc_mimo_ws/install/mimo_adrc/lib/mimo_adrc/mimo_node" to ""
[22.603s] -- Up-to-date: /home/pjp2/adrc_mimo_ws/install/mimo_adrc/include
[22.603s] -- Up-to-date: /home/pjp2/adrc_mimo_ws/install/mimo_adrc/include/mimo_adrc
[22.603s] -- Up-to-date: /home/pjp2/adrc_mimo_ws/install/mimo_adrc/include/mimo_adrc/ADRC.h
[22.603s] -- Up-to-date: /home/pjp2/adrc_mimo_ws/install/mimo_adrc/include/mimo_adrc/MimoADRC.h
[22.603s] -- Installing: /home/pjp2/adrc_mimo_ws/install/mimo_adrc/share/mimo_adrc/launch
[22.604s] -- Installing: /home/pjp2/adrc_mimo_ws/install/mimo_adrc/share/mimo_adrc/launch/mimo_launch.py
[22.604s] -- Installing: /home/pjp2/adrc_mimo_ws/install/mimo_adrc/share/mimo_adrc/rviz
[22.604s] -- Up-to-date: /home/pjp2/adrc_mimo_ws/install/mimo_adrc/share/mimo_adrc/environment/library_path.sh
[22.605s] -- Installing: /home/pjp2/adrc_mimo_ws/install/mimo_adrc/share/mimo_adrc/environment/library_path.dsv
[22.605s] -- Up-to-date: /home/pjp2/adrc_mimo_ws/install/mimo_adrc/share/ament_index/resource_index/package_run_dependencies/mimo_adrc
[22.605s] -- Installing: /home/pjp2/adrc_mimo_ws/install/mimo_adrc/share/ament_index/resource_index/parent_prefix_path/mimo_adrc
[22.605s] -- Up-to-date: /home/pjp2/adrc_mimo_ws/install/mimo_adrc/share/mimo_adrc/environment/ament_prefix_path.sh
[22.605s] -- Installing: /home/pjp2/adrc_mimo_ws/install/mimo_adrc/share/mimo_adrc/environment/ament_prefix_path.dsv
[22.605s] -- Up-to-date: /home/pjp2/adrc_mimo_ws/install/mimo_adrc/share/mimo_adrc/environment/path.sh
[22.605s] -- Installing: /home/pjp2/adrc_mimo_ws/install/mimo_adrc/share/mimo_adrc/environment/path.dsv
[22.605s] -- Up-to-date: /home/pjp2/adrc_mimo_ws/install/mimo_adrc/share/mimo_adrc/local_setup.bash
[22.605s] -- Up-to-date: /home/pjp2/adrc_mimo_ws/install/mimo_adrc/share/mimo_adrc/local_setup.sh
[22.605s] -- Up-to-date: /home/pjp2/adrc_mimo_ws/install/mimo_adrc/share/mimo_adrc/local_setup.zsh
[22.605s] -- Installing: /home/pjp2/adrc_mimo_ws/install/mimo_adrc/share/mimo_adrc/local_setup.dsv
[22.605s] -- Installing: /home/pjp2/adrc_mimo_ws/install/mimo_adrc/share/mimo_adrc/package.dsv
[22.605s] -- Up-to-date: /home/pjp2/adrc_mimo_ws/install/mimo_adrc/share/ament_index/resource_index/packages/mimo_adrc
[22.605s] -- Up-to-date: /home/pjp2/adrc_mimo_ws/install/mimo_adrc/share/mimo_adrc/cmake/ament_cmake_export_include_directories-extras.cmake
[22.605s] -- Up-to-date: /home/pjp2/adrc_mimo_ws/install/mimo_adrc/share/mimo_adrc/cmake/ament_cmake_export_libraries-extras.cmake
[22.605s] -- Up-to-date: /home/pjp2/adrc_mimo_ws/install/mimo_adrc/share/mimo_adrc/cmake/mimo_adrcConfig.cmake
[22.605s] -- Up-to-date: /home/pjp2/adrc_mimo_ws/install/mimo_adrc/share/mimo_adrc/cmake/mimo_adrcConfig-version.cmake
[22.605s] -- Up-to-date: /home/pjp2/adrc_mimo_ws/install/mimo_adrc/share/mimo_adrc/package.xml
[22.606s] Invoked command in '/home/pjp2/adrc_mimo_ws/build/mimo_adrc' returned '0': CMAKE_PREFIX_PATH=/opt/ros/humble /usr/bin/cmake --install /home/pjp2/adrc_mimo_ws/build/mimo_adrc
