[0.006s] Invoking command in '/home/pjp2/adrc_mimo_ws/build/mimo_adrc': CMAKE_PREFIX_PATH=/opt/ros/humble /usr/bin/cmake --build /home/pjp2/adrc_mimo_ws/build/mimo_adrc -- -j24 -l24
[0.027s] [35m[1mConsolidate compiler generated dependencies of target adrc_lib[0m
[0.034s] [ 20%] [32mBuilding CXX object CMakeFiles/adrc_lib.dir/src/MimoADRC.cpp.o[0m
[0.282s] [ 40%] [32m[1mLinking CXX static library libadrc_lib.a[0m
[0.297s] [ 60%] Built target adrc_lib
[0.302s] [35m[1mConsolidate compiler generated dependencies of target mimo_node[0m
[0.321s] [ 80%] [32m[1mLinking CXX executable mimo_node[0m
[0.519s] [100%] Built target mimo_node
[0.524s] Invoked command in '/home/pjp2/adrc_mimo_ws/build/mimo_adrc' returned '0': CMAKE_PREFIX_PATH=/opt/ros/humble /usr/bin/cmake --build /home/pjp2/adrc_mimo_ws/build/mimo_adrc -- -j24 -l24
[0.529s] Invoking command in '/home/pjp2/adrc_mimo_ws/build/mimo_adrc': CMAKE_PREFIX_PATH=/opt/ros/humble /usr/bin/cmake --install /home/pjp2/adrc_mimo_ws/build/mimo_adrc
[0.533s] -- Install configuration: ""
[0.533s] -- Installing: /home/pjp2/adrc_mimo_ws/install/mimo_adrc/lib/libadrc_lib.a
[0.533s] -- Installing: /home/pjp2/adrc_mimo_ws/install/mimo_adrc/lib/mimo_adrc/mimo_node
[0.534s] -- Set runtime path of "/home/pjp2/adrc_mimo_ws/install/mimo_adrc/lib/mimo_adrc/mimo_node" to ""
[0.534s] -- Up-to-date: /home/pjp2/adrc_mimo_ws/install/mimo_adrc/include
[0.534s] -- Up-to-date: /home/pjp2/adrc_mimo_ws/install/mimo_adrc/include/mimo_adrc
[0.534s] -- Up-to-date: /home/pjp2/adrc_mimo_ws/install/mimo_adrc/include/mimo_adrc/ADRC.h
[0.534s] -- Installing: /home/pjp2/adrc_mimo_ws/install/mimo_adrc/include/mimo_adrc/MimoADRC.h
[0.534s] -- Up-to-date: /home/pjp2/adrc_mimo_ws/install/mimo_adrc/share/ament_index/resource_index/package_run_dependencies/mimo_adrc
[0.534s] -- Up-to-date: /home/pjp2/adrc_mimo_ws/install/mimo_adrc/share/ament_index/resource_index/parent_prefix_path/mimo_adrc
[0.534s] -- Up-to-date: /home/pjp2/adrc_mimo_ws/install/mimo_adrc/share/mimo_adrc/environment/ament_prefix_path.sh
[0.534s] -- Up-to-date: /home/pjp2/adrc_mimo_ws/install/mimo_adrc/share/mimo_adrc/environment/ament_prefix_path.dsv
[0.534s] -- Up-to-date: /home/pjp2/adrc_mimo_ws/install/mimo_adrc/share/mimo_adrc/environment/path.sh
[0.534s] -- Up-to-date: /home/pjp2/adrc_mimo_ws/install/mimo_adrc/share/mimo_adrc/environment/path.dsv
[0.534s] -- Up-to-date: /home/pjp2/adrc_mimo_ws/install/mimo_adrc/share/mimo_adrc/local_setup.bash
[0.534s] -- Up-to-date: /home/pjp2/adrc_mimo_ws/install/mimo_adrc/share/mimo_adrc/local_setup.sh
[0.535s] -- Up-to-date: /home/pjp2/adrc_mimo_ws/install/mimo_adrc/share/mimo_adrc/local_setup.zsh
[0.535s] -- Up-to-date: /home/pjp2/adrc_mimo_ws/install/mimo_adrc/share/mimo_adrc/local_setup.dsv
[0.535s] -- Installing: /home/pjp2/adrc_mimo_ws/install/mimo_adrc/share/mimo_adrc/package.dsv
[0.535s] -- Up-to-date: /home/pjp2/adrc_mimo_ws/install/mimo_adrc/share/ament_index/resource_index/packages/mimo_adrc
[0.535s] -- Up-to-date: /home/pjp2/adrc_mimo_ws/install/mimo_adrc/share/mimo_adrc/cmake/mimo_adrcConfig.cmake
[0.535s] -- Up-to-date: /home/pjp2/adrc_mimo_ws/install/mimo_adrc/share/mimo_adrc/cmake/mimo_adrcConfig-version.cmake
[0.535s] -- Up-to-date: /home/pjp2/adrc_mimo_ws/install/mimo_adrc/share/mimo_adrc/package.xml
[0.535s] Invoked command in '/home/pjp2/adrc_mimo_ws/build/mimo_adrc' returned '0': CMAKE_PREFIX_PATH=/opt/ros/humble /usr/bin/cmake --install /home/pjp2/adrc_mimo_ws/build/mimo_adrc
